0 info it worked if it ends with ok
1 verbose cli [ 'C:\\Program Files\\nodejs\\node.exe',
1 verbose cli   'C:\\Users\\Nirmal Solanki\\AppData\\Roaming\\npm\\node_modules\\npm\\bin\\npm-cli.js',
1 verbose cli   'start' ]
2 info using npm@3.8.2
3 info using node@v4.4.0
4 verbose run-script [ 'prestart', 'start', 'poststart' ]
5 info lifecycle medsmind@0.0.0~prestart: medsmind@0.0.0
6 silly lifecycle medsmind@0.0.0~prestart: no script for prestart, continuing
7 info lifecycle medsmind@0.0.0~start: medsmind@0.0.0
8 verbose lifecycle medsmind@0.0.0~start: unsafe-perm in lifecycle true
9 verbose lifecycle medsmind@0.0.0~start: PATH: C:\Users\Nirmal Solanki\AppData\Roaming\npm\node_modules\npm\bin\node-gyp-bin;D:\Projects\nirmal\material\dist\node_modules\.bin;C:\Program Files\nodejs;C:\Python27\;C:\Python27\Scripts;C:\oraclexe\app\oracle\product\11.2.0\server\bin;C:\Program Files\PC Connectivity Solution\;C:\Windows\system32;C:\Windows;C:\Windows\System32\Wbem;C:\Windows\System32\WindowsPowerShell\v1.0\;C:\Program Files\Microsoft SQL Server\100\Tools\Binn\;C:\Program Files\Microsoft SQL Server\100\DTS\Binn\;C:\Program Files\Microsoft SQL Server\100\Tools\Binn\VSShell\Common7\IDE\;C:\Program Files\Microsoft Visual Studio 9.0\Common7\IDE\PrivateAssemblies\;C:\Program Files\Microsoft\Web Platform Installer\;C:\Program Files\Microsoft ASP.NET\ASP.NET Web Pages\v1.0\;C:\Program Files\Windows Kits\8.0\Windows Performance Toolkit\;C:\Program Files\Microsoft SQL Server\110\Tools\Binn\;C:\Program Files\Java\jdk1.8.0\bin;C:\Program Files\Git\cmd;C:\Program Files\MongoDB\Server\3.0\bin;C:\Program Files\Heroku\bin;C:\Program Files\git\cmd;C:\Program Files\Skype\Phone\;C:\Program Files\nodejs\;C:\Ruby22\bin;C:\Users\Nirmal Solanki\AppData\Roaming\npm
10 verbose lifecycle medsmind@0.0.0~start: CWD: D:\Projects\nirmal\material\dist
11 silly lifecycle medsmind@0.0.0~start: Args: [ '/d /s /c', 'node server/app.js' ]
12 silly lifecycle medsmind@0.0.0~start: Returned: code: 4294967295  signal: null
13 info lifecycle medsmind@0.0.0~start: Failed to exec start script
14 verbose stack Error: medsmind@0.0.0 start: `node server/app.js`
14 verbose stack Exit status 4294967295
14 verbose stack     at EventEmitter.<anonymous> (C:\Users\Nirmal Solanki\AppData\Roaming\npm\node_modules\npm\lib\utils\lifecycle.js:239:16)
14 verbose stack     at emitTwo (events.js:87:13)
14 verbose stack     at EventEmitter.emit (events.js:172:7)
14 verbose stack     at ChildProcess.<anonymous> (C:\Users\Nirmal Solanki\AppData\Roaming\npm\node_modules\npm\lib\utils\spawn.js:24:14)
14 verbose stack     at emitTwo (events.js:87:13)
14 verbose stack     at ChildProcess.emit (events.js:172:7)
14 verbose stack     at maybeClose (internal/child_process.js:827:16)
14 verbose stack     at Process.ChildProcess._handle.onexit (internal/child_process.js:211:5)
15 verbose pkgid medsmind@0.0.0
16 verbose cwd D:\Projects\nirmal\material\dist
17 error Windows_NT 6.2.9200
18 error argv "C:\\Program Files\\nodejs\\node.exe" "C:\\Users\\Nirmal Solanki\\AppData\\Roaming\\npm\\node_modules\\npm\\bin\\npm-cli.js" "start"
19 error node v4.4.0
20 error npm  v3.8.2
21 error code ELIFECYCLE
22 error medsmind@0.0.0 start: `node server/app.js`
22 error Exit status 4294967295
23 error Failed at the medsmind@0.0.0 start script 'node server/app.js'.
23 error Make sure you have the latest version of node.js and npm installed.
23 error If you do, this is most likely a problem with the medsmind package,
23 error not with npm itself.
23 error Tell the author that this fails on your system:
23 error     node server/app.js
23 error You can get information on how to open an issue for this project with:
23 error     npm bugs medsmind
23 error Or if that isn't available, you can get their info via:
23 error     npm owner ls medsmind
23 error There is likely additional logging output above.
24 verbose exit [ 1, true ]
